         used (Mb) gc trigger (Mb) max used (Mb)
Ncells 273711 14.7     660902 35.3   451923 24.2
Vcells 459120  3.6    8388608 64.0  1800332 13.8
Loading required package: data.table
Loading required package: rlist
Loading required package: lightgbm
Loading required package: DiceKriging
Loading required package: mlrMBO
Loading required package: mlr
Loading required package: ParamHelpers
Warning message: 'mlr' is in 'maintenance-only' mode since July 2019.
Future development will only happen in 'mlr3'
(<https://mlr3.mlr-org.com>). Due to the focus on 'mlr3' there might be
uncaught bugs meanwhile in {mlr} - please consider switching.
Loading required package: smoof
Loading required package: checkmate

Attaching package: ‘checkmate’

The following object is masked from ‘package:DiceKriging’:

    checkNames

Warning message:
no DISPLAY variable so Tk is not available 
            used   (Mb) gc trigger    (Mb)   max used    (Mb)
Ncells   2190364  117.0    4327541   231.2    2722332   145.4
Vcells 663550593 5062.5 1312791159 10015.9 1312710073 10015.2
Computing y column(s) for design. Not provided.
20221105 153557	528	482248	gbdt	binary	custom	TRUE	TRUE	FALSE	TRUE	-100	-1	0	0.001	0	0	31	227	1	1	1	0.1	50	0.5	FALSE	644141	0.133900435124233	0.548883797507733	6472	407	0.0103130345746708	15016	23168000	1
20221105 153848	528	482248	gbdt	binary	custom	TRUE	TRUE	FALSE	TRUE	-100	-1	0	0.001	0	0	31	230	1	1	1	0.1	50	0.5	FALSE	644141	0.168315398814593	0.483521661814302	4554	678	0.00426780682426826	15235	21210000	2
20221105 154122	528	482248	gbdt	binary	custom	TRUE	TRUE	FALSE	TRUE	-100	-1	0	0.001	0	0	31	291	1	1	1	0.1	50	0.5	FALSE	644141	0.232290103835694	0.909440352686215	4374	1985	0.000740072548868737	13291	21738000	3
20221105 154325	528	482248	gbdt	binary	custom	TRUE	TRUE	FALSE	TRUE	-100	-1	0	0.001	0	0	31	125	1	1	1	0.1	50	0.5	FALSE	644141	0.225518436842249	0.445642554550432	5274	1154	0.00903765194272227	16916	20648000	4
20221105 154530	528	482248	gbdt	binary	custom	TRUE	TRUE	FALSE	TRUE	-100	-1	0	0.001	0	0	31	177	1	1	1	0.1	50	0.5	FALSE	644141	0.294955321265152	0.706916478171479	3587	946	0.000834297508813661	14919	18242000	5
20221105 154809	528	482248	gbdt	binary	custom	TRUE	TRUE	FALSE	TRUE	-100	-1	0	0.001	0	0	31	288	1	1	1	0.1	50	0.5	FALSE	644141	0.206428108809559	0.27096687265439	2658	1652	0.000355356543072525	14073	20974000	6
20221105 161758	528	482248	gbdt	binary	custom	TRUE	TRUE	FALSE	TRUE	-100	-1	0	0.001	0	0	31	1458	1	1	1	0.1	50	0.5	FALSE	644141	0.0173058411954844	0.679513826244511	131	853	2.40956247056021e-06	12755	24410000	7
20221105 162700	528	482248	gbdt	binary	custom	TRUE	TRUE	FALSE	TRUE	-100	-1	0	0.001	0	0	31	1667	1	1	1	0.1	50	0.5	FALSE	644141	0.0238765534400591	0.774787974904757	7638	1284	0.0100018509182716	14511	23378000	8
20221105 163140	528	482248	gbdt	binary	custom	TRUE	TRUE	FALSE	TRUE	-100	-1	0	0.001	0	0	31	689	1	1	1	0.1	50	0.5	FALSE	644141	0.107319394037622	0.223896985512692	1436	564	7.1097980536674e-06	13500	22120000	9
20221105 163553	528	482248	gbdt	binary	custom	TRUE	TRUE	FALSE	TRUE	-100	-1	0	0.001	0	0	31	727	1	1	1	0.1	50	0.5	FALSE	644141	0.0656996172564686	0.617684507544618	6913	44	0.0123856956052451	12002	24396000	10
20221105 164016	528	482248	gbdt	binary	custom	TRUE	TRUE	FALSE	TRUE	-100	-1	0	0.001	0	0	31	547	1	1	1	0.1	50	0.5	FALSE	644141	0.0905364718269993	0.971457237144932	3144	1822	0.00109714590887523	12694	23412000	11
20221105 164246	528	482248	gbdt	binary	custom	TRUE	TRUE	FALSE	TRUE	-100	-1	0	0.001	0	0	31	179	1	1	1	0.1	50	0.5	FALSE	644141	0.257642746725614	0.380995215661824	2104	220	0.000267003484775202	16699	17402000	12
20221105 164607	528	482248	gbdt	binary	custom	TRUE	TRUE	FALSE	TRUE	-100	-1	0	0.001	0	0	31	174	1	1	1	0.1	50	0.5	FALSE	644141	0.182414149375327	0.575746605789755	617	1785	2.03514247968127e-05	13331	21658000	13
20221105 164823	528	482248	gbdt	binary	custom	TRUE	TRUE	FALSE	TRUE	-100	-1	0	0.001	0	0	31	282	1	1	1	0.1	50	0.5	FALSE	644141	0.271986262148275	0.820517686079256	7138	1457	0.00282605409828281	14219	20282000	14
20221105 165336	528	482248	gbdt	binary	custom	TRUE	TRUE	FALSE	TRUE	-100	-1	0	0.001	0	0	31	664	1	1	1	0.1	50	0.5	FALSE	644141	0.052195687576459	0.30147093894193	5738	1358	0.00996358723077213	13869	24502000	15
20221105 165646	528	482248	gbdt	binary	custom	TRUE	TRUE	FALSE	TRUE	-100	-1	0	0.001	0	0	31	256	1	1	1	0.1	50	0.5	FALSE	644141	0.146753602787503	0.888392707565799	1669	301	0.000262553979323471	13888	22464000	16
[mbo] 0: learning_rate=0.134; feature_fraction=0.549; min_data_in_leaf=6472; num_leaves=407 : y = 2.32e+07 : 212.5 secs : initdesign
[mbo] 0: learning_rate=0.168; feature_fraction=0.484; min_data_in_leaf=4554; num_leaves=678 : y = 2.12e+07 : 171.2 secs : initdesign
[mbo] 0: learning_rate=0.232; feature_fraction=0.909; min_data_in_leaf=4374; num_leaves=1985 : y = 2.17e+07 : 154.1 secs : initdesign
[mbo] 0: learning_rate=0.226; feature_fraction=0.446; min_data_in_leaf=5274; num_leaves=1154 : y = 2.06e+07 : 123.1 secs : initdesign
[mbo] 0: learning_rate=0.295; feature_fraction=0.707; min_data_in_leaf=3587; num_leaves=946 : y = 1.82e+07 : 124.9 secs : initdesign
[mbo] 0: learning_rate=0.206; feature_fraction=0.271; min_data_in_leaf=2658; num_leaves=1652 : y = 2.1e+07 : 158.7 secs : initdesign
[mbo] 0: learning_rate=0.0173; feature_fraction=0.68; min_data_in_leaf=131; num_leaves=853 : y = 2.44e+07 : 1788.7 secs : initdesign
[mbo] 0: learning_rate=0.0239; feature_fraction=0.775; min_data_in_leaf=7638; num_leaves=1284 : y = 2.34e+07 : 542.3 secs : initdesign
[mbo] 0: learning_rate=0.107; feature_fraction=0.224; min_data_in_leaf=1436; num_leaves=564 : y = 2.21e+07 : 279.7 secs : initdesign
[mbo] 0: learning_rate=0.0657; feature_fraction=0.618; min_data_in_leaf=6913; num_leaves=44 : y = 2.44e+07 : 253.6 secs : initdesign
[mbo] 0: learning_rate=0.0905; feature_fraction=0.971; min_data_in_leaf=3144; num_leaves=1822 : y = 2.34e+07 : 262.8 secs : initdesign
[mbo] 0: learning_rate=0.258; feature_fraction=0.381; min_data_in_leaf=2104; num_leaves=220 : y = 1.74e+07 : 149.7 secs : initdesign
[mbo] 0: learning_rate=0.182; feature_fraction=0.576; min_data_in_leaf=617; num_leaves=1785 : y = 2.17e+07 : 201.5 secs : initdesign
[mbo] 0: learning_rate=0.272; feature_fraction=0.821; min_data_in_leaf=7138; num_leaves=1457 : y = 2.03e+07 : 136.1 secs : initdesign
[mbo] 0: learning_rate=0.0522; feature_fraction=0.301; min_data_in_leaf=5738; num_leaves=1358 : y = 2.45e+07 : 312.1 secs : initdesign
[mbo] 0: learning_rate=0.147; feature_fraction=0.888; min_data_in_leaf=1669; num_leaves=301 : y = 2.25e+07 : 190.1 secs : initdesign
Saved the current state after iteration 1 in the file bayesiana.RDATA.
20221105 165947	528	482248	gbdt	binary	custom	TRUE	TRUE	FALSE	TRUE	-100	-1	0	0.001	0	0	31	893	1	1	1	0.1	50	0.5	FALSE	644141	0.0315437130523548	0.998199981726681	6	16	0.0155557168371551	14278	24324000	17
[mbo] 1: learning_rate=0.0315; feature_fraction=0.998; min_data_in_leaf=6; num_leaves=16 : y = 2.43e+07 : 178.8 secs : infill_ei
20221105 173649	528	482248	gbdt	binary	custom	TRUE	TRUE	FALSE	TRUE	-100	-1	0	0.001	0	0	31	6281	1	1	1	0.1	50	0.5	FALSE	644141	0.00503024831007558	0.30036956852203	5146	209	0.00983106351225576	14001	24238000	18
[mbo] 2: learning_rate=0.00503; feature_fraction=0.3; min_data_in_leaf=5146; num_leaves=209 : y = 2.42e+07 : 2221.6 secs : infill_ei
Saved the current state after iteration 3 in the file bayesiana.RDATA.
Error: R character strings are limited to 2^31-1 bytes
1: mbo(obj.fun, learner = surr.km, control = ctrl)
Error during wrapup: exiting after script error
Error: no more error handlers available (recursive errors?); invoking 'abort' restart
Execution halted
